[debug] [2026-06-16T22:15:33.925Z] ----------------------------------------------------------------------
[debug] [2026-06-16T22:15:33.926Z] Command:       /Users/denver/.nvm/versions/node/v24.14.1/bin/node /Users/denver/.nvm/versions/node/v24.14.1/bin/firebase init
[debug] [2026-06-16T22:15:33.926Z] CLI Version:   15.20.0
[debug] [2026-06-16T22:15:33.926Z] Platform:      darwin
[debug] [2026-06-16T22:15:33.926Z] Node Version:  v24.14.1
[debug] [2026-06-16T22:15:33.926Z] Time:          Wed Jun 17 2026 07:15:33 GMT+0900 (Korean Standard Time)
[debug] [2026-06-16T22:15:33.926Z] ----------------------------------------------------------------------
[debug] 
[info] 
     ######## #### ########  ######## ########     ###     ######  ########
     ##        ##  ##     ## ##       ##     ##  ##   ##  ##       ##
     ######    ##  ########  ######   ########  #########  ######  ######
     ##        ##  ##    ##  ##       ##     ## ##     ##       ## ##
     ##       #### ##     ## ######## ########  ##     ##  ######  ########

You're about to initialize a Firebase project in this directory:

  /Users/denver/Documents/jogyo

[info] 
=== Project Setup
[info] 
[info] First, let's associate this project directory with a Firebase project.
[info] You can create multiple project aliases by running firebase use --add, 
[info] 
[debug] [2026-06-16T22:15:38.756Z] > command requires scopes: ["email","openid","https://www.googleapis.com/auth/cloudplatformprojects.readonly","https://www.googleapis.com/auth/firebase","https://www.googleapis.com/auth/cloud-platform"]
[debug] [2026-06-16T22:15:38.756Z] > authorizing via signed-in user (fe.dev.denver@gmail.com)
[debug] [2026-06-16T22:15:38.757Z] Checked if tokens are valid: true, expires at: 1781651693149
[debug] [2026-06-16T22:15:38.757Z] Checked if tokens are valid: true, expires at: 1781651693149
[debug] [2026-06-16T22:15:38.758Z] >>> [apiv2][query] GET https://firebase.googleapis.com/v1beta1/projects/jogyo-3cab9 [none]
[debug] [2026-06-16T22:15:39.213Z] <<< [apiv2][status] GET https://firebase.googleapis.com/v1beta1/projects/jogyo-3cab9 200
[debug] [2026-06-16T22:15:39.213Z] <<< [apiv2][body] GET https://firebase.googleapis.com/v1beta1/projects/jogyo-3cab9 {"projectId":"jogyo-3cab9","projectNumber":"519059081430","displayName":"jogyo","name":"projects/jogyo-3cab9","resources":{"hostingSite":"jogyo-3cab9"},"state":"ACTIVE","etag":"1_156819da-e838-4031-a7fe-8890ae7657bd"}
[info] i  Using project jogyo-3cab9 (jogyo) . 
[info] 
=== Hosting Setup
[info] 
[debug] [2026-06-16T22:15:44.675Z] Checked if tokens are valid: true, expires at: 1781651693149
[debug] [2026-06-16T22:15:44.675Z] Checked if tokens are valid: true, expires at: 1781651693149
[debug] [2026-06-16T22:15:44.676Z] >>> [apiv2][query] GET https://firebase.googleapis.com/v1beta1/projects/jogyo-3cab9 [none]
[debug] [2026-06-16T22:15:45.085Z] <<< [apiv2][status] GET https://firebase.googleapis.com/v1beta1/projects/jogyo-3cab9 200
[debug] [2026-06-16T22:15:45.085Z] <<< [apiv2][body] GET https://firebase.googleapis.com/v1beta1/projects/jogyo-3cab9 {"projectId":"jogyo-3cab9","projectNumber":"519059081430","displayName":"jogyo","name":"projects/jogyo-3cab9","resources":{"hostingSite":"jogyo-3cab9"},"state":"ACTIVE","etag":"1_156819da-e838-4031-a7fe-8890ae7657bd"}
[info] 
[info] Your public directory is the folder (relative to your project directory) that
[info] will contain Hosting assets to be uploaded with firebase deploy. If you
[info] have a build process for your assets, use your build's output directory.
[info] 
[debug] [2026-06-16T22:17:08.230Z] ExitPromptError: User force closed the prompt with SIGINT
    at Interface.sigint (/Users/denver/.nvm/versions/node/v24.14.1/lib/node_modules/firebase-tools/node_modules/@inquirer/core/dist/commonjs/lib/create-prompt.js:101:37)
    at Interface.emit (node:events:508:28)
    at [_ttyWrite] [as _ttyWrite] (node:internal/readline/interface:1327:18)
    at ReadStream.onkeypress (node:internal/readline/interface:284:20)
    at ReadStream.emit (node:events:520:35)
    at emitKeys (node:internal/readline/utils:371:14)
    at emitKeys.next (<anonymous>)
    at ReadStream.onData (node:internal/readline/emitKeypressEvents:64:36)
    at ReadStream.emit (node:events:508:28)
    at addChunk (node:internal/streams/readable:563:12)
[error] 
[error] Error: An unexpected error has occurred.
